<?xml version="1.0" encoding="UTF-8"?>
<Site BuildName="Darwin-c++"
	BuildStamp="20251214-1259-Experimental"
	Name="192.168.1.48"
	Generator="ctest-4.2.1"
	CompilerName="/usr/bin/c++"
	CompilerVersion="17.0.0.17000013"
	OSName="macOS"
	Hostname="192.168.1.48"
	OSRelease="15.5"
	OSVersion="24F74"
	OSPlatform="arm64"
	Is64Bits="1"
	VendorString="Apple"
	VendorID="Apple"
	FamilyID="0"
	ModelID="0"
	ModelName="Apple M2"
	ProcessorCacheSize="131072"
	NumberOfLogicalCPU="8"
	NumberOfPhysicalCPU="8"
	TotalVirtualMemory="1024"
	TotalPhysicalMemory="8192"
	LogicalProcessorsPerPhysical="8"
	ProcessorClockFrequency="0"
	>
	<Testing>
		<StartDateTime>Dec 14 16:12 +03</StartDateTime>
		<StartTestTime>1765717921</StartTestTime>
		<TestList/>
		<EndDateTime>Dec 14 16:12 +03</EndDateTime>
		<EndTestTime>1765717921</EndTestTime>
		<ElapsedMinutes>0</ElapsedMinutes>
	</Testing>
</Site>
